<?xml version="1.0" encoding="UTF-8"?>
<testsuite xmlns:xsi="http://www.w3.org/2001/XMLSchema-instance" xsi:noNamespaceSchemaLocation="https://maven.apache.org/surefire/maven-surefire-plugin/xsd/surefire-test-report.xsd" name="com.example.demo.DemoApplicationTests" time="3.3" tests="2" errors="0" skipped="0" failures="0">
  <properties>
    <property name="sun.desktop" value="windows"/>
    <property name="awt.toolkit" value="sun.awt.windows.WToolkit"/>
    <property name="file.encoding.pkg" value="sun.io"/>
    <property name="java.specification.version" value="1.8"/>
    <property name="sun.cpu.isalist" value="amd64"/>
    <property name="sun.jnu.encoding" value="GBK"/>
    <property name="java.class.path" value="E:\my-project\learngit\demo\target\test-classes;E:\my-project\learngit\demo\target\classes;E:\work-project\123\org\springframework\boot\spring-boot-starter\2.2.7.RELEASE\spring-boot-starter-2.2.7.RELEASE.jar;E:\work-project\123\org\springframework\boot\spring-boot\2.2.7.RELEASE\spring-boot-2.2.7.RELEASE.jar;E:\work-project\123\org\springframework\spring-context\5.2.6.RELEASE\spring-context-5.2.6.RELEASE.jar;E:\work-project\123\org\springframework\spring-aop\5.2.6.RELEASE\spring-aop-5.2.6.RELEASE.jar;E:\work-project\123\org\springframework\spring-beans\5.2.6.RELEASE\spring-beans-5.2.6.RELEASE.jar;E:\work-project\123\org\springframework\spring-expression\5.2.6.RELEASE\spring-expression-5.2.6.RELEASE.jar;E:\work-project\123\org\springframework\boot\spring-boot-autoconfigure\2.2.7.RELEASE\spring-boot-autoconfigure-2.2.7.RELEASE.jar;E:\work-project\123\org\springframework\boot\spring-boot-starter-logging\2.2.7.RELEASE\spring-boot-starter-logging-2.2.7.RELEASE.jar;E:\work-project\123\ch\qos\logback\logback-classic\1.2.3\logback-classic-1.2.3.jar;E:\work-project\123\ch\qos\logback\logback-core\1.2.3\logback-core-1.2.3.jar;E:\work-project\123\org\apache\logging\log4j\log4j-to-slf4j\2.12.1\log4j-to-slf4j-2.12.1.jar;E:\work-project\123\org\apache\logging\log4j\log4j-api\2.12.1\log4j-api-2.12.1.jar;E:\work-project\123\org\slf4j\jul-to-slf4j\1.7.30\jul-to-slf4j-1.7.30.jar;E:\work-project\123\jakarta\annotation\jakarta.annotation-api\1.3.5\jakarta.annotation-api-1.3.5.jar;E:\work-project\123\org\springframework\spring-core\5.2.6.RELEASE\spring-core-5.2.6.RELEASE.jar;E:\work-project\123\org\springframework\spring-jcl\5.2.6.RELEASE\spring-jcl-5.2.6.RELEASE.jar;E:\work-project\123\org\yaml\snakeyaml\1.25\snakeyaml-1.25.jar;E:\work-project\123\org\springframework\boot\spring-boot-devtools\2.2.7.RELEASE\spring-boot-devtools-2.2.7.RELEASE.jar;E:\work-project\123\org\springframework\boot\spring-boot-configuration-processor\2.2.7.RELEASE\spring-boot-configuration-processor-2.2.7.RELEASE.jar;E:\work-project\123\org\projectlombok\lombok\1.18.12\lombok-1.18.12.jar;E:\work-project\123\org\springframework\boot\spring-boot-starter-test\2.2.7.RELEASE\spring-boot-starter-test-2.2.7.RELEASE.jar;E:\work-project\123\org\springframework\boot\spring-boot-test\2.2.7.RELEASE\spring-boot-test-2.2.7.RELEASE.jar;E:\work-project\123\org\springframework\boot\spring-boot-test-autoconfigure\2.2.7.RELEASE\spring-boot-test-autoconfigure-2.2.7.RELEASE.jar;E:\work-project\123\com\jayway\jsonpath\json-path\2.4.0\json-path-2.4.0.jar;E:\work-project\123\net\minidev\json-smart\2.3\json-smart-2.3.jar;E:\work-project\123\net\minidev\accessors-smart\1.2\accessors-smart-1.2.jar;E:\work-project\123\org\ow2\asm\asm\5.0.4\asm-5.0.4.jar;E:\work-project\123\org\slf4j\slf4j-api\1.7.30\slf4j-api-1.7.30.jar;E:\work-project\123\jakarta\xml\bind\jakarta.xml.bind-api\2.3.3\jakarta.xml.bind-api-2.3.3.jar;E:\work-project\123\jakarta\activation\jakarta.activation-api\1.2.2\jakarta.activation-api-1.2.2.jar;E:\work-project\123\org\junit\jupiter\junit-jupiter\5.5.2\junit-jupiter-5.5.2.jar;E:\work-project\123\org\junit\jupiter\junit-jupiter-api\5.5.2\junit-jupiter-api-5.5.2.jar;E:\work-project\123\org\apiguardian\apiguardian-api\1.1.0\apiguardian-api-1.1.0.jar;E:\work-project\123\org\opentest4j\opentest4j\1.2.0\opentest4j-1.2.0.jar;E:\work-project\123\org\junit\platform\junit-platform-commons\1.5.2\junit-platform-commons-1.5.2.jar;E:\work-project\123\org\junit\jupiter\junit-jupiter-params\5.5.2\junit-jupiter-params-5.5.2.jar;E:\work-project\123\org\junit\jupiter\junit-jupiter-engine\5.5.2\junit-jupiter-engine-5.5.2.jar;E:\work-project\123\org\junit\platform\junit-platform-engine\1.5.2\junit-platform-engine-1.5.2.jar;E:\work-project\123\org\mockito\mockito-junit-jupiter\3.1.0\mockito-junit-jupiter-3.1.0.jar;E:\work-project\123\org\assertj\assertj-core\3.13.2\assertj-core-3.13.2.jar;E:\work-project\123\org\hamcrest\hamcrest\2.1\hamcrest-2.1.jar;E:\work-project\123\org\mockito\mockito-core\3.1.0\mockito-core-3.1.0.jar;E:\work-project\123\net\bytebuddy\byte-buddy\1.10.10\byte-buddy-1.10.10.jar;E:\work-project\123\net\bytebuddy\byte-buddy-agent\1.10.10\byte-buddy-agent-1.10.10.jar;E:\work-project\123\org\objenesis\objenesis\2.6\objenesis-2.6.jar;E:\work-project\123\org\skyscreamer\jsonassert\1.5.0\jsonassert-1.5.0.jar;E:\work-project\123\com\vaadin\external\google\android-json\0.0.20131108.vaadin1\android-json-0.0.20131108.vaadin1.jar;E:\work-project\123\org\springframework\spring-test\5.2.6.RELEASE\spring-test-5.2.6.RELEASE.jar;E:\work-project\123\org\xmlunit\xmlunit-core\2.6.4\xmlunit-core-2.6.4.jar;E:\work-project\123\org\apache\directory\studio\org.apache.commons.collections\3.2.1\org.apache.commons.collections-3.2.1.jar;E:\work-project\123\commons-collections\commons-collections\3.2.1\commons-collections-3.2.1.jar;E:\work-project\123\com\tencent\sr\rmall\tx-order-service-interfaces\1.0.0-SNAPSHOT\tx-order-service-interfaces-1.0.0-SNAPSHOT.jar;E:\work-project\123\com\tencent\sr\rmall\tencent-mall-common\1.0-SNAPSHOT\tencent-mall-common-1.0-SNAPSHOT.jar;E:\work-project\123\com\fasterxml\jackson\core\jackson-annotations\2.10.4\jackson-annotations-2.10.4.jar;E:\work-project\123\org\apache\commons\commons-lang3\3.9\commons-lang3-3.9.jar;E:\work-project\123\org\springframework\cloud\spring-cloud-openfeign-core\2.1.2.RELEASE\spring-cloud-openfeign-core-2.1.2.RELEASE.jar;E:\work-project\123\org\springframework\cloud\spring-cloud-netflix-ribbon\2.1.2.RELEASE\spring-cloud-netflix-ribbon-2.1.2.RELEASE.jar;E:\work-project\123\org\springframework\cloud\spring-cloud-netflix-archaius\2.1.2.RELEASE\spring-cloud-netflix-archaius-2.1.2.RELEASE.jar;E:\work-project\123\org\springframework\boot\spring-boot-starter-aop\2.2.7.RELEASE\spring-boot-starter-aop-2.2.7.RELEASE.jar;E:\work-project\123\org\aspectj\aspectjweaver\1.9.5\aspectjweaver-1.9.5.jar;E:\work-project\123\io\github\openfeign\form\feign-form-spring\3.8.0\feign-form-spring-3.8.0.jar;E:\work-project\123\io\github\openfeign\form\feign-form\3.8.0\feign-form-3.8.0.jar;E:\work-project\123\org\springframework\spring-web\5.2.6.RELEASE\spring-web-5.2.6.RELEASE.jar;E:\work-project\123\commons-fileupload\commons-fileupload\1.4\commons-fileupload-1.4.jar;E:\work-project\123\commons-io\commons-io\2.2\commons-io-2.2.jar;E:\work-project\123\org\springframework\boot\spring-boot-starter-validation\2.2.7.RELEASE\spring-boot-starter-validation-2.2.7.RELEASE.jar;E:\work-project\123\jakarta\validation\jakarta.validation-api\2.0.2\jakarta.validation-api-2.0.2.jar;E:\work-project\123\org\apache\tomcat\embed\tomcat-embed-el\9.0.34\tomcat-embed-el-9.0.34.jar;E:\work-project\123\org\hibernate\validator\hibernate-validator\6.0.19.Final\hibernate-validator-6.0.19.Final.jar;E:\work-project\123\org\jboss\logging\jboss-logging\3.4.1.Final\jboss-logging-3.4.1.Final.jar;E:\work-project\123\com\fasterxml\classmate\1.5.1\classmate-1.5.1.jar;E:\work-project\123\io\swagger\swagger-annotations\1.6.0\swagger-annotations-1.6.0.jar;E:\work-project\123\com\tencent\sr\rmall\tx-order-common\1.0.0-SNAPSHOT\tx-order-common-1.0.0-SNAPSHOT.jar;E:\work-project\123\com\google\guava\guava\16.0.1\guava-16.0.1.jar;"/>
    <property name="java.vm.vendor" value="Oracle Corporation"/>
    <property name="sun.arch.data.model" value="64"/>
    <property name="user.variant" value=""/>
    <property name="java.vendor.url" value="http://java.oracle.com/"/>
    <property name="user.timezone" value="Asia/Shanghai"/>
    <property name="java.vm.specification.version" value="1.8"/>
    <property name="os.name" value="Windows 10"/>
    <property name="user.country" value="CN"/>
    <property name="sun.java.launcher" value="SUN_STANDARD"/>
    <property name="sun.boot.library.path" value="D:\Program Files\Java\jdk1.8.0_181\jre\bin"/>
    <property name="sun.java.command" value="C:\Users\junjun\AppData\Local\Temp\surefire1565545832929797575\surefirebooter7751469616582243655.jar C:\Users\junjun\AppData\Local\Temp\surefire1565545832929797575 2020-05-27T19-55-20_809-jvmRun1 surefire3800554303627577616tmp surefire_06406378203907753620tmp"/>
    <property name="surefire.test.class.path" value="E:\my-project\learngit\demo\target\test-classes;E:\my-project\learngit\demo\target\classes;E:\work-project\123\org\springframework\boot\spring-boot-starter\2.2.7.RELEASE\spring-boot-starter-2.2.7.RELEASE.jar;E:\work-project\123\org\springframework\boot\spring-boot\2.2.7.RELEASE\spring-boot-2.2.7.RELEASE.jar;E:\work-project\123\org\springframework\spring-context\5.2.6.RELEASE\spring-context-5.2.6.RELEASE.jar;E:\work-project\123\org\springframework\spring-aop\5.2.6.RELEASE\spring-aop-5.2.6.RELEASE.jar;E:\work-project\123\org\springframework\spring-beans\5.2.6.RELEASE\spring-beans-5.2.6.RELEASE.jar;E:\work-project\123\org\springframework\spring-expression\5.2.6.RELEASE\spring-expression-5.2.6.RELEASE.jar;E:\work-project\123\org\springframework\boot\spring-boot-autoconfigure\2.2.7.RELEASE\spring-boot-autoconfigure-2.2.7.RELEASE.jar;E:\work-project\123\org\springframework\boot\spring-boot-starter-logging\2.2.7.RELEASE\spring-boot-starter-logging-2.2.7.RELEASE.jar;E:\work-project\123\ch\qos\logback\logback-classic\1.2.3\logback-classic-1.2.3.jar;E:\work-project\123\ch\qos\logback\logback-core\1.2.3\logback-core-1.2.3.jar;E:\work-project\123\org\apache\logging\log4j\log4j-to-slf4j\2.12.1\log4j-to-slf4j-2.12.1.jar;E:\work-project\123\org\apache\logging\log4j\log4j-api\2.12.1\log4j-api-2.12.1.jar;E:\work-project\123\org\slf4j\jul-to-slf4j\1.7.30\jul-to-slf4j-1.7.30.jar;E:\work-project\123\jakarta\annotation\jakarta.annotation-api\1.3.5\jakarta.annotation-api-1.3.5.jar;E:\work-project\123\org\springframework\spring-core\5.2.6.RELEASE\spring-core-5.2.6.RELEASE.jar;E:\work-project\123\org\springframework\spring-jcl\5.2.6.RELEASE\spring-jcl-5.2.6.RELEASE.jar;E:\work-project\123\org\yaml\snakeyaml\1.25\snakeyaml-1.25.jar;E:\work-project\123\org\springframework\boot\spring-boot-devtools\2.2.7.RELEASE\spring-boot-devtools-2.2.7.RELEASE.jar;E:\work-project\123\org\springframework\boot\spring-boot-configuration-processor\2.2.7.RELEASE\spring-boot-configuration-processor-2.2.7.RELEASE.jar;E:\work-project\123\org\projectlombok\lombok\1.18.12\lombok-1.18.12.jar;E:\work-project\123\org\springframework\boot\spring-boot-starter-test\2.2.7.RELEASE\spring-boot-starter-test-2.2.7.RELEASE.jar;E:\work-project\123\org\springframework\boot\spring-boot-test\2.2.7.RELEASE\spring-boot-test-2.2.7.RELEASE.jar;E:\work-project\123\org\springframework\boot\spring-boot-test-autoconfigure\2.2.7.RELEASE\spring-boot-test-autoconfigure-2.2.7.RELEASE.jar;E:\work-project\123\com\jayway\jsonpath\json-path\2.4.0\json-path-2.4.0.jar;E:\work-project\123\net\minidev\json-smart\2.3\json-smart-2.3.jar;E:\work-project\123\net\minidev\accessors-smart\1.2\accessors-smart-1.2.jar;E:\work-project\123\org\ow2\asm\asm\5.0.4\asm-5.0.4.jar;E:\work-project\123\org\slf4j\slf4j-api\1.7.30\slf4j-api-1.7.30.jar;E:\work-project\123\jakarta\xml\bind\jakarta.xml.bind-api\2.3.3\jakarta.xml.bind-api-2.3.3.jar;E:\work-project\123\jakarta\activation\jakarta.activation-api\1.2.2\jakarta.activation-api-1.2.2.jar;E:\work-project\123\org\junit\jupiter\junit-jupiter\5.5.2\junit-jupiter-5.5.2.jar;E:\work-project\123\org\junit\jupiter\junit-jupiter-api\5.5.2\junit-jupiter-api-5.5.2.jar;E:\work-project\123\org\apiguardian\apiguardian-api\1.1.0\apiguardian-api-1.1.0.jar;E:\work-project\123\org\opentest4j\opentest4j\1.2.0\opentest4j-1.2.0.jar;E:\work-project\123\org\junit\platform\junit-platform-commons\1.5.2\junit-platform-commons-1.5.2.jar;E:\work-project\123\org\junit\jupiter\junit-jupiter-params\5.5.2\junit-jupiter-params-5.5.2.jar;E:\work-project\123\org\junit\jupiter\junit-jupiter-engine\5.5.2\junit-jupiter-engine-5.5.2.jar;E:\work-project\123\org\junit\platform\junit-platform-engine\1.5.2\junit-platform-engine-1.5.2.jar;E:\work-project\123\org\mockito\mockito-junit-jupiter\3.1.0\mockito-junit-jupiter-3.1.0.jar;E:\work-project\123\org\assertj\assertj-core\3.13.2\assertj-core-3.13.2.jar;E:\work-project\123\org\hamcrest\hamcrest\2.1\hamcrest-2.1.jar;E:\work-project\123\org\mockito\mockito-core\3.1.0\mockito-core-3.1.0.jar;E:\work-project\123\net\bytebuddy\byte-buddy\1.10.10\byte-buddy-1.10.10.jar;E:\work-project\123\net\bytebuddy\byte-buddy-agent\1.10.10\byte-buddy-agent-1.10.10.jar;E:\work-project\123\org\objenesis\objenesis\2.6\objenesis-2.6.jar;E:\work-project\123\org\skyscreamer\jsonassert\1.5.0\jsonassert-1.5.0.jar;E:\work-project\123\com\vaadin\external\google\android-json\0.0.20131108.vaadin1\android-json-0.0.20131108.vaadin1.jar;E:\work-project\123\org\springframework\spring-test\5.2.6.RELEASE\spring-test-5.2.6.RELEASE.jar;E:\work-project\123\org\xmlunit\xmlunit-core\2.6.4\xmlunit-core-2.6.4.jar;E:\work-project\123\org\apache\directory\studio\org.apache.commons.collections\3.2.1\org.apache.commons.collections-3.2.1.jar;E:\work-project\123\commons-collections\commons-collections\3.2.1\commons-collections-3.2.1.jar;E:\work-project\123\com\tencent\sr\rmall\tx-order-service-interfaces\1.0.0-SNAPSHOT\tx-order-service-interfaces-1.0.0-SNAPSHOT.jar;E:\work-project\123\com\tencent\sr\rmall\tencent-mall-common\1.0-SNAPSHOT\tencent-mall-common-1.0-SNAPSHOT.jar;E:\work-project\123\com\fasterxml\jackson\core\jackson-annotations\2.10.4\jackson-annotations-2.10.4.jar;E:\work-project\123\org\apache\commons\commons-lang3\3.9\commons-lang3-3.9.jar;E:\work-project\123\org\springframework\cloud\spring-cloud-openfeign-core\2.1.2.RELEASE\spring-cloud-openfeign-core-2.1.2.RELEASE.jar;E:\work-project\123\org\springframework\cloud\spring-cloud-netflix-ribbon\2.1.2.RELEASE\spring-cloud-netflix-ribbon-2.1.2.RELEASE.jar;E:\work-project\123\org\springframework\cloud\spring-cloud-netflix-archaius\2.1.2.RELEASE\spring-cloud-netflix-archaius-2.1.2.RELEASE.jar;E:\work-project\123\org\springframework\boot\spring-boot-starter-aop\2.2.7.RELEASE\spring-boot-starter-aop-2.2.7.RELEASE.jar;E:\work-project\123\org\aspectj\aspectjweaver\1.9.5\aspectjweaver-1.9.5.jar;E:\work-project\123\io\github\openfeign\form\feign-form-spring\3.8.0\feign-form-spring-3.8.0.jar;E:\work-project\123\io\github\openfeign\form\feign-form\3.8.0\feign-form-3.8.0.jar;E:\work-project\123\org\springframework\spring-web\5.2.6.RELEASE\spring-web-5.2.6.RELEASE.jar;E:\work-project\123\commons-fileupload\commons-fileupload\1.4\commons-fileupload-1.4.jar;E:\work-project\123\commons-io\commons-io\2.2\commons-io-2.2.jar;E:\work-project\123\org\springframework\boot\spring-boot-starter-validation\2.2.7.RELEASE\spring-boot-starter-validation-2.2.7.RELEASE.jar;E:\work-project\123\jakarta\validation\jakarta.validation-api\2.0.2\jakarta.validation-api-2.0.2.jar;E:\work-project\123\org\apache\tomcat\embed\tomcat-embed-el\9.0.34\tomcat-embed-el-9.0.34.jar;E:\work-project\123\org\hibernate\validator\hibernate-validator\6.0.19.Final\hibernate-validator-6.0.19.Final.jar;E:\work-project\123\org\jboss\logging\jboss-logging\3.4.1.Final\jboss-logging-3.4.1.Final.jar;E:\work-project\123\com\fasterxml\classmate\1.5.1\classmate-1.5.1.jar;E:\work-project\123\io\swagger\swagger-annotations\1.6.0\swagger-annotations-1.6.0.jar;E:\work-project\123\com\tencent\sr\rmall\tx-order-common\1.0.0-SNAPSHOT\tx-order-common-1.0.0-SNAPSHOT.jar;E:\work-project\123\com\google\guava\guava\16.0.1\guava-16.0.1.jar;"/>
    <property name="sun.cpu.endian" value="little"/>
    <property name="user.home" value="C:\Users\junjun"/>
    <property name="user.language" value="zh"/>
    <property name="java.specification.vendor" value="Oracle Corporation"/>
    <property name="java.home" value="D:\Program Files\Java\jdk1.8.0_181\jre"/>
    <property name="basedir" value="E:\my-project\learngit\demo"/>
    <property name="file.separator" value="\"/>
    <property name="line.separator" value="&#10;"/>
    <property name="java.vm.specification.vendor" value="Oracle Corporation"/>
    <property name="java.specification.name" value="Java Platform API Specification"/>
    <property name="java.awt.graphicsenv" value="sun.awt.Win32GraphicsEnvironment"/>
    <property name="surefire.real.class.path" value="C:\Users\junjun\AppData\Local\Temp\surefire1565545832929797575\surefirebooter7751469616582243655.jar"/>
    <property name="sun.boot.class.path" value="D:\Program Files\Java\jdk1.8.0_181\jre\lib\resources.jar;D:\Program Files\Java\jdk1.8.0_181\jre\lib\rt.jar;D:\Program Files\Java\jdk1.8.0_181\jre\lib\sunrsasign.jar;D:\Program Files\Java\jdk1.8.0_181\jre\lib\jsse.jar;D:\Program Files\Java\jdk1.8.0_181\jre\lib\jce.jar;D:\Program Files\Java\jdk1.8.0_181\jre\lib\charsets.jar;D:\Program Files\Java\jdk1.8.0_181\jre\lib\jfr.jar;D:\Program Files\Java\jdk1.8.0_181\jre\classes"/>
    <property name="user.script" value=""/>
    <property name="sun.management.compiler" value="HotSpot 64-Bit Tiered Compilers"/>
    <property name="java.runtime.version" value="1.8.0_181-b13"/>
    <property name="user.name" value="junjun"/>
    <property name="path.separator" value=";"/>
    <property name="os.version" value="10.0"/>
    <property name="java.endorsed.dirs" value="D:\Program Files\Java\jdk1.8.0_181\jre\lib\endorsed"/>
    <property name="java.runtime.name" value="Java(TM) SE Runtime Environment"/>
    <property name="file.encoding" value="GBK"/>
    <property name="java.vm.name" value="Java HotSpot(TM) 64-Bit Server VM"/>
    <property name="localRepository" value="E:\work-project\123"/>
    <property name="java.vendor.url.bug" value="http://bugreport.sun.com/bugreport/"/>
    <property name="java.io.tmpdir" value="C:\Users\junjun\AppData\Local\Temp\"/>
    <property name="java.version" value="1.8.0_181"/>
    <property name="user.dir" value="E:\my-project\learngit\demo"/>
    <property name="os.arch" value="amd64"/>
    <property name="java.vm.specification.name" value="Java Virtual Machine Specification"/>
    <property name="java.awt.printerjob" value="sun.awt.windows.WPrinterJob"/>
    <property name="sun.os.patch.level" value=""/>
    <property name="idea.version2019.3.3" value="true"/>
    <property name="java.library.path" value="D:\Program Files\Java\jdk1.8.0_181\jre\bin;C:\WINDOWS\Sun\Java\bin;C:\WINDOWS\system32;C:\WINDOWS;C:\Program Files (x86)\Common Files\Oracle\Java\javapath;d:\app\junjun\product\11.2.0\dbhome_1\bin;C:\Program Files (x86)\Lenovo\FusionEngine;C:\Program Files (x86)\Intel\iCLS Client\;C:\Program Files\Intel\iCLS Client\;C:\Program Files (x86)\NVIDIA Corporation\PhysX\Common;C:\WINDOWS\system32;C:\WINDOWS;C:\WINDOWS\System32\Wbem;C:\WINDOWS\System32\WindowsPowerShell\v1.0\;C:\Program Files\Intel\Intel(R) Management Engine Components\DAL;C:\Program Files\Intel\Intel(R) Management Engine Components\IPT;C:\Program Files (x86)\Intel\Intel(R) Management Engine Components\DAL;C:\Program Files (x86)\Intel\Intel(R) Management Engine Components\IPT;C:\Program Files\Intel\WiFi\bin\;C:\Program Files\Common Files\Intel\WirelessCommon\;C:\Program Files (x86)\Common Files\lenovo\easyplussdk\bin;C:\Program Files (x86)\iFLYTEK\VoiceAssistant\SpeechPlusRuntime;C:\Program Files (x86)\Lenovo\Voice SDK;D:\mysql-8.0.20-winx64\bin;E:\Java\apache-maven-3.3.9\bin;E:\Java\gradle-4.1\bin;C:\WINDOWS\System32\OpenSSH\;C:\Go\bin;C:\Program Files\Redis\;C:\Program Files (x86)\Common Files\Thunder Network\KanKan\Codecs;d:\Program Files\Git\cmd;C:\Users\junjun\AppData\Local\Microsoft\WindowsApps;D:\Python34;d:\Program Files (x86)\SSH Communications Security\SSH Secure Shell;C:\Users\junjun\AppData\Local\GitHubDesktop\bin;C:\Users\junjun\go\bin;C:\Go\bin;C:\Program Files\JetBrains\IntelliJ IDEA 2018.3.5\bin;D:\Program Files\RabbitMQ Server\rabbitmq_server-3.7.13\sbin;C:\Users\junjun\AppData\Local\BypassRuntm;C:\Users\junjun\AppData\Local\Microsoft\WindowsApps;;D:\Program Files\JetBrains\IntelliJ IDEA 2019.3.3\bin;;."/>
    <property name="java.vm.info" value="mixed mode"/>
    <property name="java.vendor" value="Oracle Corporation"/>
    <property name="java.vm.version" value="25.181-b13"/>
    <property name="java.ext.dirs" value="D:\Program Files\Java\jdk1.8.0_181\jre\lib\ext;C:\WINDOWS\Sun\Java\lib\ext"/>
    <property name="sun.io.unicode.encoding" value="UnicodeLittle"/>
    <property name="maven.repo.local" value="E:\work-project\123"/>
    <property name="java.class.version" value="52.0"/>
  </properties>
  <testcase name="println" classname="com.example.demo.DemoApplicationTests" time="0.368"/>
  <testcase name="contextLoads" classname="com.example.demo.DemoApplicationTests" time="0.004"/>
</testsuite>